\BOOKMARK [0][-]{section*.2}{\376\377\000I\000m\000p\000a\000c\000t\000\040\000o\000f\000\040\000J\000o\000s\000e\000p\000h\000s\000o\000n\000\040\000J\000u\000n\000c\000t\000i\000o\000n\000\040\000A\000r\000r\000a\000y\000\040\000m\000o\000d\000e\000s\000\040\000o\000n\000\040\000F\000l\000u\000x\000o\000n\000i\000u\000m\000\040\000R\000e\000a\000d\000o\000u\000t}{}% 2
\BOOKMARK [1][-]{section*.1}{\376\377\000A\000b\000s\000t\000r\000a\000c\000t}{section*.2}% 1
\BOOKMARK [1][-]{section*.3}{\376\377\000I\000n\000t\000r\000o\000d\000u\000c\000t\000i\000o\000n}{section*.2}% 3
\BOOKMARK [1][-]{section*.4}{\376\377\000F\000l\000u\000x\000o\000n\000i\000u\000m\000\040\000R\000e\000a\000d\000o\000u\000t\000\040\000C\000i\000r\000c\000u\000i\000t}{section*.2}% 4
\BOOKMARK [1][-]{section*.5}{\376\377\000P\000a\000r\000a\000s\000i\000t\000i\000c\000-\000m\000o\000d\000e\000-\000A\000s\000s\000i\000s\000t\000e\000d\000\040\000M\000I\000S\000T\000:\000\040\000p\000-\000M\000I\000S\000T}{section*.2}% 5
\BOOKMARK [2][-]{section*.6}{\376\377\000F\000l\000o\000q\000u\000e\000t\000\040\000S\000i\000m\000u\000l\000a\000t\000i\000o\000n\000s}{section*.5}% 6
\BOOKMARK [2][-]{section*.7}{\376\377\000T\000r\000a\000n\000s\000i\000t\000i\000o\000n\000\040\000P\000r\000o\000b\000a\000b\000i\000l\000i\000t\000y}{section*.5}% 7
\BOOKMARK [2][-]{section*.8}{\376\377\000Q\000u\000b\000i\000t\000\040\000D\000e\000p\000h\000a\000s\000i\000n\000g\000\040\000p\000o\000s\000t\000-\000R\000e\000a\000d\000o\000u\000t}{section*.5}% 8
\BOOKMARK [1][-]{section*.9}{\376\377\000E\000f\000f\000e\000c\000t\000s\000\040\000o\000f\000\040\000C\000i\000r\000c\000u\000i\000t\000\040\000M\000o\000d\000i\000f\000i\000c\000a\000t\000i\000o\000n\000s\000\040\000o\000n\000\040\000p\000-\000M\000I\000S\000T}{section*.2}% 9
\BOOKMARK [2][-]{section*.10}{\376\377\000M\000o\000d\000e\000\040\000F\000r\000e\000q\000u\000e\000n\000c\000i\000e\000s}{section*.9}% 10
\BOOKMARK [2][-]{section*.13}{\376\377\000C\000o\000u\000p\000l\000i\000n\000g\000\040\000c\000o\000n\000s\000t\000a\000n\000t\000s}{section*.9}% 11
\BOOKMARK [1][-]{section*.14}{\376\377\000C\000o\000n\000c\000l\000u\000s\000i\000o\000n\000\040\000a\000n\000d\000\040\000F\000u\000r\000t\000h\000e\000r\000\040\000W\000o\000r\000k}{section*.2}% 12
\BOOKMARK [1][-]{section*.15}{\376\377\000A\000c\000k\000n\000o\000w\000l\000e\000d\000g\000m\000e\000n\000t\000s}{section*.2}% 13
\BOOKMARK [1][-]{section*.16}{\376\377\000D\000r\000i\000v\000e\000n\000\040\000F\000l\000u\000x\000o\000n\000i\000u\000m\000\040\000C\000i\000r\000c\000u\000i\000t}{section*.2}% 14
\BOOKMARK [2][-]{section*.17}{\376\377\000A\000p\000p\000r\000o\000x\000i\000m\000a\000t\000i\000o\000n\000s\000\040\000f\000o\000r\000\040\000N\000u\000m\000e\000r\000i\000c\000a\000l\000\040\000M\000o\000d\000e\000l\000l\000i\000n\000g}{section*.16}% 15
\BOOKMARK [2][-]{section*.18}{\376\377\000S\000t\000a\000r\000k\000\040\000S\000h\000i\000f\000t}{section*.16}% 16
\BOOKMARK [2][-]{section*.19}{\376\377\000G\000e\000n\000e\000r\000a\000l\000i\000z\000e\000d\000\040\000F\000e\000r\000m\000i\000'\000s\000\040\000G\000o\000l\000d\000e\000n\000\040\000R\000u\000l\000e\000\040\000R\000a\000t\000e\000s}{section*.16}% 17
\BOOKMARK [2][-]{section*.20}{\376\377\000L\000a\000n\000d\000a\000u\000-\000Z\000e\000n\000e\000r\000\040\000P\000r\000o\000b\000a\000b\000i\000l\000i\000t\000i\000e\000s}{section*.16}% 18
\BOOKMARK [2][-]{section*.21}{\376\377\000P\000a\000r\000a\000s\000i\000t\000i\000c\000\040\000D\000e\000p\000h\000a\000s\000i\000n\000g}{section*.16}% 19
\BOOKMARK [1][-]{section*.22}{\376\377\000C\000o\000u\000p\000l\000i\000n\000g\000\040\000C\000o\000n\000s\000t\000a\000n\000t\000\040\000L\000a\000n\000d\000s\000c\000a\000p\000e}{section*.2}% 20
\BOOKMARK [1][-]{section*.23}{\376\377\000U\000n\000d\000r\000i\000v\000e\000n\000\040\000F\000l\000u\000x\000o\000n\000i\000u\000m\000\040\000C\000i\000r\000c\000u\000i\000t}{section*.2}% 21
\BOOKMARK [2][-]{section*.24}{\376\377\000C\000i\000r\000c\000u\000i\000t\000\040\000F\000e\000a\000t\000u\000r\000e\000s}{section*.23}% 22
\BOOKMARK [2][-]{section*.25}{\376\377\000Q\000u\000b\000i\000t\000\040\000H\000a\000m\000i\000l\000t\000o\000n\000i\000a\000n\000:\000\040\000H}{section*.23}% 23
\BOOKMARK [2][-]{section*.28}{\376\377\000D\000i\000s\000p\000e\000r\000s\000i\000v\000e\000\040\000H\000a\000m\000i\000l\000t\000o\000n\000i\000a\000n}{section*.23}% 24
\BOOKMARK [1][-]{section*.29}{\376\377\000S\000i\000n\000g\000l\000e\000-\000P\000o\000i\000n\000t\000\040\000C\000o\000n\000n\000e\000c\000t\000i\000o\000n\000s}{section*.2}% 25
\BOOKMARK [2][-]{section*.30}{\376\377\000T\000r\000e\000n\000d\000s\000\040\000i\000n\000\040\000C\000i\000r\000c\000u\000i\000t\000\040\000V\000a\000r\000i\000a\000b\000l\000e\000s}{section*.29}% 26
\BOOKMARK [2][-]{section*.31}{\376\377\000F\000l\000o\000a\000t\000i\000n\000g\000\040\000F\000l\000u\000x\000o\000n\000i\000u\000m\000\040\000C\000i\000r\000c\000u\000i\000t\000:\000\040\000H\0002}{section*.29}% 27
\BOOKMARK [2][-]{section*.37}{\376\377\000G\000r\000o\000u\000n\000d\000e\000d\000\040\000F\000l\000u\000x\000o\000n\000i\000u\000m\000\040\000C\000i\000r\000c\000u\000i\000t\000:\000\040\000H\0003}{section*.29}% 28
\BOOKMARK [1][-]{section*.39}{\376\377\000R\000e\000f\000e\000r\000e\000n\000c\000e\000s}{section*.2}% 29
